<?xml version="1.0"?><coverage lines-covered="365" lines-valid="383" line-rate="0.9530026109660574" branches-covered="0" branches-valid="0" branch-rate="0" complexity="0" version="1.9" timestamp="1781685481"><sources><source>/home/vansweej/Projects/athenaeum-mcp</source></sources><packages><package name="crates/parser-spike/src" line-rate="0" branch-rate="0" complexity="0"><classes></classes></package><package name="crates/ingest/src" line-rate="0.9184782608695652" branch-rate="0" complexity="0"><classes><class name="chunking" filename="crates/ingest/src/chunking.rs" line-rate="0.9682539682539683" branch-rate="0" complexity="0"><methods/><lines><line number="13" hits="16"/><line number="36" hits="20"/><line number="37" hits="40"/><line number="38" hits="1"/><line number="42" hits="57"/><line number="43" hits="38"/><line number="44" hits="0"/><line number="47" hits="38"/><line number="48" hits="38"/><line number="49" hits="38"/><line number="51" hits="43"/><line number="52" hits="72"/><line number="55" hits="32"/><line number="56" hits="12"/><line number="57" hits="9"/><line number="58" hits="6"/><line number="62" hits="15"/><line number="63" hits="3"/><line number="67" hits="29"/><line number="68" hits="5"/><line number="70" hits="72"/><line number="71" hits="24"/><line number="78" hits="38"/><line number="79" hits="57"/><line number="80" hits="19"/><line number="81" hits="19"/><line number="85" hits="19"/><line number="91" hits="20"/><line number="92" hits="40"/><line number="93" hits="40"/><line number="94" hits="80"/><line number="96" hits="1960"/><line number="97" hits="2910"/><line number="100" hits="2891"/><line number="102" hits="22"/><line number="104" hits="25"/><line number="106" hits="3"/><line number="107" hits="11"/><line number="109" hits="24"/><line number="110" hits="16"/><line number="112" hits="15"/><line number="113" hits="21"/><line number="114" hits="14"/><line number="116" hits="7"/><line number="121" hits="11"/><line number="122" hits="30"/><line number="123" hits="20"/><line number="124" hits="20"/><line number="126" hits="20"/><line number="132" hits="60"/><line number="133" hits="37"/><line number="134" hits="34"/><line number="137" hits="20"/><line number="141" hits="49"/><line number="142" hits="196"/><line number="143" hits="49"/><line number="147" hits="3"/><line number="148" hits="6"/><line number="149" hits="15"/><line number="151" hits="6"/><line number="152" hits="0"/><line number="155" hits="9"/><line number="156" hits="9"/></lines></class><class name="error" filename="crates/ingest/src/error.rs" line-rate="1" branch-rate="0" complexity="0"><methods/><lines><line number="27" hits="6"/><line number="28" hits="6"/><line number="29" hits="2"/><line number="30" hits="1"/><line number="31" hits="2"/><line number="32" hits="2"/><line number="33" hits="3"/><line number="34" hits="1"/><line number="35" hits="1"/><line number="37" hits="1"/></lines></class><class name="extract" filename="crates/ingest/src/extract.rs" line-rate="0.8367346938775511" branch-rate="0" complexity="0"><methods/><lines><line number="61" hits="42"/><line number="62" hits="57"/><line number="63" hits="33"/><line number="65" hits="30"/><line number="67" hits="45"/><line number="68" hits="15"/><line number="69" hits="0"/><line number="70" hits="0"/><line number="71" hits="0"/><line number="72" hits="0"/><line number="75" hits="30"/><line number="76" hits="45"/><line number="77" hits="45"/><line number="80" hits="45"/><line number="82" hits="30"/><line number="83" hits="0"/><line number="84" hits="0"/><line number="88" hits="30"/><line number="89" hits="0"/><line number="93" hits="45"/><line number="95" hits="30"/><line number="96" hits="45"/><line number="97" hits="45"/><line number="98" hits="30"/><line number="99" hits="15"/><line number="104" hits="15"/><line number="105" hits="15"/><line number="109" hits="30"/><line number="110" hits="0"/><line number="113" hits="15"/><line number="117" hits="34"/><line number="118" hits="68"/><line number="119" hits="68"/><line number="121" hits="70"/><line number="122" hits="6"/><line number="123" hits="6"/><line number="124" hits="8"/><line number="125" hits="2"/><line number="128" hits="32"/><line number="132" hits="19"/><line number="133" hits="38"/><line number="134" hits="38"/><line number="136" hits="4067"/><line number="137" hits="3657"/><line number="138" hits="186"/><line number="139" hits="186"/><line number="140" hits="2036"/><line number="141" hits="3148"/><line number="146" hits="38"/></lines></class><class name="ingest" filename="crates/ingest/src/ingest.rs" line-rate="0.9193548387096774" branch-rate="0" complexity="0"><methods/><lines><line number="42" hits="8"/><line number="46" hits="14"/><line number="48" hits="14"/><line number="52" hits="12"/><line number="54" hits="18"/><line number="55" hits="18"/><line number="56" hits="6"/><line number="58" hits="11"/><line number="59" hits="8"/><line number="60" hits="13"/><line number="62" hits="1"/><line number="63" hits="1"/><line number="64" hits="1"/><line number="70" hits="15"/><line number="72" hits="10"/><line number="73" hits="11"/><line number="74" hits="1"/><line number="76" hits="8"/><line number="77" hits="4"/><line number="78" hits="0"/><line number="80" hits="4"/><line number="81" hits="0"/><line number="82" hits="0"/><line number="84" hits="0"/><line number="86" hits="8"/><line number="87" hits="8"/><line number="89" hits="0"/><line number="93" hits="20"/><line number="97" hits="15"/><line number="100" hits="10"/><line number="101" hits="15"/><line number="102" hits="5"/><line number="103" hits="5"/><line number="105" hits="5"/><line number="106" hits="5"/><line number="107" hits="5"/><line number="112" hits="4"/><line number="113" hits="3"/><line number="114" hits="2"/><line number="116" hits="2"/><line number="117" hits="4"/><line number="119" hits="3"/><line number="120" hits="3"/><line number="121" hits="3"/><line number="122" hits="2"/><line number="123" hits="2"/><line number="124" hits="1"/><line number="125" hits="1"/><line number="130" hits="1"/><line number="134" hits="16"/><line number="135" hits="16"/><line number="136" hits="8"/><line number="138" hits="8"/><line number="139" hits="16"/><line number="141" hits="12"/><line number="142" hits="12"/><line number="143" hits="12"/><line number="144" hits="12"/><line number="145" hits="12"/><line number="146" hits="4"/><line number="147" hits="4"/><line number="152" hits="4"/></lines></class></classes></package><package name="crates/core/src" line-rate="0.9832402234636871" branch-rate="0" complexity="0"><classes><class name="config" filename="crates/core/src/config.rs" line-rate="1" branch-rate="0" complexity="0"><methods/><lines><line number="29" hits="2"/><line number="31" hits="4"/><line number="32" hits="6"/><line number="33" hits="6"/><line number="34" hits="2"/></lines></class><class name="embed" filename="crates/core/src/embed.rs" line-rate="0.9166666666666666" branch-rate="0" complexity="0"><methods/><lines><line number="51" hits="5"/><line number="53" hits="10"/><line number="54" hits="15"/><line number="55" hits="10"/><line number="63" hits="6"/><line number="64" hits="12"/><line number="80" hits="0"/><line number="91" hits="0"/><line number="123" hits="56"/><line number="124" hits="118"/><line number="130" hits="55"/><line number="131" hits="275"/><line number="132" hits="55"/><line number="133" hits="37727"/><line number="134" hits="55"/><line number="159" hits="4"/><line number="163" hits="4"/><line number="171" hits="6"/><line number="172" hits="12"/><line number="187" hits="2"/><line number="188" hits="10"/><line number="189" hits="2"/><line number="190" hits="10"/><line number="191" hits="2"/></lines></class><class name="engine" filename="crates/core/src/engine.rs" line-rate="1" branch-rate="0" complexity="0"><methods/><lines><line number="54" hits="16"/><line number="72" hits="15"/><line number="77" hits="30"/><line number="79" hits="5"/><line number="80" hits="1"/><line number="83" hits="118"/><line number="84" hits="56"/><line number="86" hits="39"/><line number="88" hits="13"/><line number="89" hits="32"/><line number="90" hits="32"/><line number="91" hits="32"/><line number="92" hits="32"/><line number="96" hits="26"/><line number="97" hits="52"/><line number="98" hits="13"/><line number="99" hits="13"/><line number="105" hits="20"/><line number="106" hits="40"/><line number="107" hits="18"/><line number="109" hits="45"/><line number="111" hits="18"/><line number="113" hits="9"/><line number="114" hits="10"/><line number="115" hits="10"/><line number="116" hits="10"/><line number="117" hits="20"/><line number="121" hits="9"/></lines></class><class name="store" filename="crates/core/src/store.rs" line-rate="0.9918032786885246" branch-rate="0" complexity="0"><methods/><lines><line number="33" hits="37"/><line number="34" hits="148"/><line number="58" hits="81"/><line number="59" hits="243"/><line number="61" hits="162"/><line number="62" hits="162"/><line number="63" hits="81"/><line number="65" hits="162"/><line number="68" hits="162"/><line number="69" hits="162"/><line number="70" hits="162"/><line number="72" hits="324"/><line number="89" hits="68"/><line number="90" hits="44"/><line number="92" hits="22"/><line number="94" hits="88"/><line number="96" hits="22"/><line number="97" hits="22"/><line number="99" hits="66"/><line number="102" hits="22"/><line number="103" hits="22"/><line number="105" hits="66"/><line number="106" hits="132"/><line number="108" hits="22"/><line number="109" hits="22"/><line number="112" hits="22"/><line number="113" hits="66"/><line number="114" hits="22"/><line number="115" hits="22"/><line number="119" hits="140"/><line number="120" hits="100"/><line number="121" hits="150"/><line number="123" hits="50"/><line number="124" hits="50"/><line number="130" hits="58"/><line number="131" hits="63"/><line number="132" hits="1"/><line number="133" hits="1"/><line number="137" hits="44"/><line number="138" hits="48"/><line number="139" hits="1"/><line number="140" hits="2"/><line number="141" hits="1"/><line number="146" hits="57"/><line number="149" hits="76"/><line number="150" hits="42"/><line number="151" hits="27751"/><line number="152" hits="27728"/><line number="154" hits="46"/><line number="156" hits="76"/><line number="159" hits="38"/><line number="160" hits="38"/><line number="161" hits="38"/><line number="162" hits="38"/><line number="163" hits="65"/><line number="164" hits="92"/><line number="165" hits="92"/><line number="166" hits="92"/><line number="167" hits="46"/><line number="171" hits="38"/><line number="172" hits="19"/><line number="173" hits="57"/><line number="174" hits="19"/><line number="175" hits="57"/><line number="176" hits="57"/><line number="177" hits="57"/><line number="180" hits="19"/><line number="182" hits="57"/><line number="183" hits="38"/><line number="184" hits="76"/><line number="186" hits="19"/><line number="187" hits="19"/><line number="189" hits="19"/><line number="198" hits="34"/><line number="204" hits="54"/><line number="207" hits="72"/><line number="208" hits="36"/><line number="209" hits="36"/><line number="210" hits="18"/><line number="211" hits="18"/><line number="214" hits="72"/><line number="220" hits="34"/><line number="221" hits="39"/><line number="223" hits="39"/><line number="224" hits="26"/><line number="225" hits="13"/><line number="226" hits="13"/><line number="228" hits="13"/><line number="229" hits="2"/><line number="232" hits="22"/><line number="234" hits="22"/><line number="235" hits="11"/><line number="236" hits="22"/><line number="237" hits="22"/><line number="239" hits="11"/><line number="240" hits="11"/><line number="242" hits="44"/><line number="244" hits="11"/><line number="245" hits="11"/><line number="247" hits="22"/><line number="248" hits="22"/><line number="249" hits="33"/><line number="250" hits="11"/><line number="251" hits="0"/><line number="254" hits="22"/><line number="256" hits="11"/><line number="259" hits="22"/><line number="261" hits="11"/><line number="264" hits="22"/><line number="266" hits="11"/><line number="269" hits="22"/><line number="271" hits="11"/><line number="274" hits="22"/><line number="276" hits="11"/><line number="279" hits="37"/><line number="281" hits="65"/><line number="282" hits="65"/><line number="283" hits="65"/><line number="284" hits="39"/><line number="286" hits="65"/><line number="287" hits="39"/><line number="291" hits="11"/></lines></class></classes></package><package name="crates/mcp-server/src" line-rate="1" branch-rate="0" complexity="0"><classes><class name="main" filename="crates/mcp-server/src/main.rs" line-rate="1" branch-rate="0" complexity="0"><methods/><lines><line number="45" hits="5"/><line number="47" hits="10"/><line number="48" hits="5"/><line number="57" hits="5"/><line number="58" hits="4"/><line number="59" hits="4"/><line number="60" hits="2"/><line number="61" hits="7"/><line number="63" hits="3"/><line number="64" hits="1"/><line number="66" hits="3"/><line number="74" hits="6"/><line number="75" hits="7"/><line number="76" hits="2"/><line number="77" hits="7"/><line number="79" hits="3"/><line number="80" hits="1"/><line number="82" hits="3"/><line number="88" hits="1"/><line number="89" hits="5"/></lines></class></classes></package></packages></coverage>